<?xml version="1.0" encoding="utf-8"?><testsuites name="pytest tests"><testsuite name="pytest" errors="0" failures="0" skipped="0" tests="13" time="2.401" timestamp="2026-02-20T14:04:07.762785+00:00" hostname="agent-env-c4bc2e6c-dd1c-44d0-8a12-43e40f4883e0"><testcase classname="backend.tests.test_iteration6_bugfixes.TestApiHealth" name="test_api_root" time="0.201" /><testcase classname="backend.tests.test_iteration6_bugfixes.TestUserDeleteEndpoint" name="test_delete_user_requires_auth" time="0.207" /><testcase classname="backend.tests.test_iteration6_bugfixes.TestUserDeleteEndpoint" name="test_delete_user_endpoint_exists" time="0.118" /><testcase classname="backend.tests.test_iteration6_bugfixes.TestUserBlockEndpoint" name="test_block_user_requires_auth" time="0.215" /><testcase classname="backend.tests.test_iteration6_bugfixes.TestArticlesEndpoints" name="test_articles_requires_auth" time="0.112" /><testcase classname="backend.tests.test_iteration6_bugfixes.TestArticlesEndpoints" name="test_top_viewed_articles_requires_auth" time="0.220" /><testcase classname="backend.tests.test_iteration6_bugfixes.TestDocumentsEndpoints" name="test_documents_requires_auth" time="0.199" /><testcase classname="backend.tests.test_iteration6_bugfixes.TestDocumentsEndpoints" name="test_document_pdf_requires_auth" time="0.442" /><testcase classname="backend.tests.test_iteration6_bugfixes.TestCategoriesEndpoints" name="test_categories_requires_auth" time="0.113" /><testcase classname="backend.tests.test_iteration6_bugfixes.TestUsersEndpoints" name="test_users_requires_auth" time="0.129" /><testcase classname="backend.tests.test_iteration6_bugfixes.TestSearchEndpoints" name="test_search_requires_auth" time="0.126" /><testcase classname="backend.tests.test_iteration6_bugfixes.TestStatsEndpoints" name="test_stats_requires_auth" time="0.143" /><testcase classname="backend.tests.test_iteration6_bugfixes.TestWidgetEndpoints" name="test_widget_search_public" time="0.153" /></testsuite></testsuites>