<?xml version="1.0" encoding="utf-8"?><testsuites name="pytest tests"><testsuite name="pytest" errors="0" failures="0" skipped="0" tests="10" time="3.294" timestamp="2026-02-20T12:37:06.761303+00:00" hostname="agent-env-c4bc2e6c-dd1c-44d0-8a12-43e40f4883e0"><testcase classname="backend.tests.test_nexus_features.TestBaseAPI" name="test_api_root_endpoint" time="0.295" /><testcase classname="backend.tests.test_nexus_features.TestTopViewedArticles" name="test_top_viewed_endpoint_exists" time="0.059" /><testcase classname="backend.tests.test_nexus_features.TestTopViewedArticles" name="test_top_viewed_with_limit_parameter" time="0.046" /><testcase classname="backend.tests.test_nexus_features.TestTopViewedArticles" name="test_top_viewed_default_limit_is_10" time="0.055" /><testcase classname="backend.tests.test_nexus_features.TestArticlesByCategory" name="test_by_category_endpoint_exists" time="0.109" /><testcase classname="backend.tests.test_nexus_features.TestArticlesByCategory" name="test_by_category_returns_filtered_articles" time="0.434" /><testcase classname="backend.tests.test_nexus_features.TestViewCountTracking" name="test_view_count_increments" time="0.455" /><testcase classname="backend.tests.test_nexus_features.TestViewCountTracking" name="test_viewed_endpoint_returns_success" time="0.317" /><testcase classname="backend.tests.test_nexus_features.TestArticlesFieldsExist" name="test_article_has_view_count_field" time="0.055" /><testcase classname="backend.tests.test_nexus_features.TestGenerateSummaryAPI" name="test_generate_summary_endpoint" time="1.451" /></testsuite></testsuites>