<?xml version="1.0" encoding="utf-8"?><testsuites name="pytest tests"><testsuite name="pytest" errors="0" failures="0" skipped="0" tests="15" time="0.702" timestamp="2026-02-20T14:30:23.533638+00:00" hostname="agent-env-c4bc2e6c-dd1c-44d0-8a12-43e40f4883e0"><testcase classname="backend.tests.test_iteration7_bugfixes.TestPdfEmbedEndpoint" name="test_pdf_embed_endpoint_exists" time="0.189" /><testcase classname="backend.tests.test_iteration7_bugfixes.TestPdfEmbedEndpoint" name="test_pdf_embed_is_public" time="0.132" /><testcase classname="backend.tests.test_iteration7_bugfixes.TestStatsRecentlyViewed" name="test_stats_endpoint_requires_auth" time="0.144" /><testcase classname="backend.tests.test_iteration7_bugfixes.TestStatsRecentlyViewed" name="test_stats_recently_viewed_limit" time="0.000" /><testcase classname="backend.tests.test_iteration7_bugfixes.TestSearchKeywordFiltering" name="test_search_endpoint_requires_auth" time="0.105" /><testcase classname="backend.tests.test_iteration7_bugfixes.TestDocumentUploadDuplicate" name="test_upload_endpoint_requires_auth" time="0.110" /><testcase classname="backend.tests.test_iteration7_bugfixes.TestCodeReviewBugfixes" name="test_pdf_embed_content_disposition_inline" time="0.000" /><testcase classname="backend.tests.test_iteration7_bugfixes.TestCodeReviewBugfixes" name="test_upload_duplicate_check_409" time="0.000" /><testcase classname="backend.tests.test_iteration7_bugfixes.TestCodeReviewBugfixes" name="test_stats_15_recently_viewed" time="0.000" /><testcase classname="backend.tests.test_iteration7_bugfixes.TestCodeReviewBugfixes" name="test_search_keyword_filtering" time="0.000" /><testcase classname="backend.tests.test_iteration7_bugfixes.TestDashboardRecentlyViewedUI" name="test_dashboard_scroll_styles" time="0.000" /><testcase classname="backend.tests.test_iteration7_bugfixes.TestDashboardRecentlyViewedUI" name="test_dashboard_recently_viewed_title" time="0.000" /><testcase classname="backend.tests.test_iteration7_bugfixes.TestArticleEditorPdfEmbed" name="test_article_editor_uses_pdf_embed_url" time="0.000" /><testcase classname="backend.tests.test_iteration7_bugfixes.TestArticleEditorPdfEmbed" name="test_article_editor_duplicate_handling" time="0.000" /><testcase classname="backend.tests.test_iteration7_bugfixes.TestSearchRelevanceBadges" name="test_search_relevance_color_coding" time="0.001" /></testsuite></testsuites>