<?xml version="1.0" encoding="utf-8"?><testsuites name="pytest tests"><testsuite name="pytest" errors="0" failures="0" skipped="0" tests="59" time="17.938" timestamp="2026-02-20T13:34:17.010498+00:00" hostname="agent-env-c4bc2e6c-dd1c-44d0-8a12-43e40f4883e0"><testcase classname="backend.tests.test_canusa_api.TestAPIHealth" name="test_api_root" time="0.138" /><testcase classname="backend.tests.test_canusa_api.TestAuthentication" name="test_auth_me_with_admin_token" time="0.128" /><testcase classname="backend.tests.test_canusa_api.TestAuthentication" name="test_auth_me_with_editor_token" time="0.137" /><testcase classname="backend.tests.test_canusa_api.TestAuthentication" name="test_auth_me_with_viewer_token" time="0.117" /><testcase classname="backend.tests.test_canusa_api.TestAuthentication" name="test_auth_without_token" time="0.104" /><testcase classname="backend.tests.test_canusa_api.TestArticleCRUD" name="test_get_articles" time="0.109" /><testcase classname="backend.tests.test_canusa_api.TestArticleCRUD" name="test_create_article_as_editor" time="0.111" /><testcase classname="backend.tests.test_canusa_api.TestArticleCRUD" name="test_create_article_as_viewer" time="0.120" /><testcase classname="backend.tests.test_canusa_api.TestArticleCRUD" name="test_get_single_article" time="0.165" /><testcase classname="backend.tests.test_canusa_api.TestArticleCRUD" name="test_update_article" time="0.157" /><testcase classname="backend.tests.test_canusa_api.TestArticleCRUD" name="test_delete_article" time="0.592" /><testcase classname="backend.tests.test_canusa_api.TestGenerateSummaryAPI" name="test_generate_summary_with_content" time="1.430" /><testcase classname="backend.tests.test_canusa_api.TestGenerateSummaryAPI" name="test_generate_summary_with_short_content" time="0.105" /><testcase classname="backend.tests.test_canusa_api.TestCategoriesAPI" name="test_get_categories" time="0.114" /><testcase classname="backend.tests.test_canusa_api.TestCategoriesAPI" name="test_create_category" time="0.169" /><testcase classname="backend.tests.test_canusa_api.TestCategoriesAPI" name="test_create_hierarchical_category" time="0.166" /><testcase classname="backend.tests.test_canusa_api.TestSearchAPI" name="test_search" time="2.641" /><testcase classname="backend.tests.test_canusa_api.TestUserManagementAPI" name="test_get_users_as_admin" time="0.144" /><testcase classname="backend.tests.test_canusa_api.TestUserManagementAPI" name="test_get_users_as_viewer" time="0.113" /><testcase classname="backend.tests.test_canusa_api.TestUserManagementAPI" name="test_update_role_as_admin" time="0.100" /><testcase classname="backend.tests.test_canusa_api.TestUserManagementAPI" name="test_update_role_as_viewer" time="0.113" /><testcase classname="backend.tests.test_canusa_api.TestStatsAPI" name="test_get_stats" time="0.114" /><testcase classname="backend.tests.test_canusa_api.TestFavoritesAPI" name="test_toggle_favorite" time="0.198" /><testcase classname="backend.tests.test_canusa_api.TestFavoritesAPI" name="test_get_favorites" time="0.104" /><testcase classname="backend.tests.test_iteration5_authenticated.TestAuthenticatedAPIs" name="test_stats_contains_top_articles" time="0.203" /><testcase classname="backend.tests.test_iteration5_authenticated.TestAuthenticatedAPIs" name="test_articles_list" time="0.111" /><testcase classname="backend.tests.test_iteration5_authenticated.TestAuthenticatedAPIs" name="test_top_viewed_articles" time="0.098" /><testcase classname="backend.tests.test_iteration5_authenticated.TestAuthenticatedAPIs" name="test_users_list" time="0.153" /><testcase classname="backend.tests.test_iteration5_authenticated.TestAuthenticatedAPIs" name="test_categories_list" time="0.101" /><testcase classname="backend.tests.test_iteration5_authenticated.TestAuthenticatedAPIs" name="test_documents_list" time="0.105" /><testcase classname="backend.tests.test_iteration5_authenticated.TestUserBlocking" name="test_block_user" time="0.335" /><testcase classname="backend.tests.test_iteration5_authenticated.TestSearchEndpoint" name="test_search_api" time="2.608" /><testcase classname="backend.tests.test_iteration5_authenticated.TestWidgetAPIs" name="test_widget_search_public" time="0.165" /><testcase classname="backend.tests.test_iteration5_features.TestAPIEndpoints" name="test_api_root" time="0.101" /><testcase classname="backend.tests.test_iteration5_features.TestDocumentDeletion" name="test_delete_document_without_auth" time="0.127" /><testcase classname="backend.tests.test_iteration5_features.TestDocumentDeletion" name="test_delete_document_endpoint_exists" time="0.100" /><testcase classname="backend.tests.test_iteration5_features.TestUserBlocking" name="test_block_user_without_auth" time="0.125" /><testcase classname="backend.tests.test_iteration5_features.TestUserBlocking" name="test_block_user_endpoint_exists" time="0.113" /><testcase classname="backend.tests.test_iteration5_features.TestStatsEndpoint" name="test_stats_endpoint_requires_auth" time="0.110" /><testcase classname="backend.tests.test_iteration5_features.TestSearchEndpoint" name="test_search_requires_auth" time="0.114" /><testcase classname="backend.tests.test_iteration5_features.TestArticleEndpoints" name="test_articles_endpoint_requires_auth" time="0.131" /><testcase classname="backend.tests.test_iteration5_features.TestArticleEndpoints" name="test_top_viewed_articles_requires_auth" time="0.097" /><testcase classname="backend.tests.test_iteration5_features.TestCategoriesEndpoint" name="test_categories_requires_auth" time="0.104" /><testcase classname="backend.tests.test_iteration5_features.TestUsersEndpoint" name="test_users_list_requires_auth" time="0.112" /><testcase classname="backend.tests.test_iteration5_features.TestUsersEndpoint" name="test_user_role_update_requires_auth" time="0.100" /><testcase classname="backend.tests.test_iteration5_features.TestDocumentEndpoints" name="test_documents_list_requires_auth" time="0.098" /><testcase classname="backend.tests.test_iteration5_features.TestFavoritesEndpoint" name="test_favorites_requires_auth" time="0.098" /><testcase classname="backend.tests.test_iteration5_features.TestWidgetEndpoints" name="test_widget_search_is_public" time="0.134" /><testcase classname="backend.tests.test_iteration5_features.TestWidgetEndpoints" name="test_widget_article_endpoint" time="0.122" /><testcase classname="backend.tests.test_nexus_features.TestBaseAPI" name="test_api_root_endpoint" time="0.296" /><testcase classname="backend.tests.test_nexus_features.TestTopViewedArticles" name="test_top_viewed_endpoint_exists" time="0.215" /><testcase classname="backend.tests.test_nexus_features.TestTopViewedArticles" name="test_top_viewed_with_limit_parameter" time="0.057" /><testcase classname="backend.tests.test_nexus_features.TestTopViewedArticles" name="test_top_viewed_default_limit_is_10" time="0.067" /><testcase classname="backend.tests.test_nexus_features.TestArticlesByCategory" name="test_by_category_endpoint_exists" time="0.123" /><testcase classname="backend.tests.test_nexus_features.TestArticlesByCategory" name="test_by_category_returns_filtered_articles" time="0.476" /><testcase classname="backend.tests.test_nexus_features.TestViewCountTracking" name="test_view_count_increments" time="0.461" /><testcase classname="backend.tests.test_nexus_features.TestViewCountTracking" name="test_viewed_endpoint_returns_success" time="0.362" /><testcase classname="backend.tests.test_nexus_features.TestArticlesFieldsExist" name="test_article_has_view_count_field" time="0.057" /><testcase classname="backend.tests.test_nexus_features.TestGenerateSummaryAPI" name="test_generate_summary_endpoint" time="2.689" /></testsuite></testsuites>