<?xml version="1.0" encoding="utf-8"?><testsuites name="pytest tests"><testsuite name="pytest" errors="0" failures="0" skipped="0" tests="28" time="6.814" timestamp="2026-02-23T10:57:01.403034+00:00" hostname="agent-env-64c89911-e7ed-4824-a484-7d75ef43301f"><testcase classname="backend.tests.test_iteration9_features.TestAuthLogin" name="test_login_success" time="0.468" /><testcase classname="backend.tests.test_iteration9_features.TestAuthLogin" name="test_login_stay_logged_in_true" time="0.329" /><testcase classname="backend.tests.test_iteration9_features.TestAuthLogin" name="test_login_invalid_email" time="0.120" /><testcase classname="backend.tests.test_iteration9_features.TestAuthLogin" name="test_login_wrong_password" time="0.327" /><testcase classname="backend.tests.test_iteration9_features.TestAuthLogin" name="test_login_missing_fields" time="0.397" /><testcase classname="backend.tests.test_iteration9_features.TestAuthMe" name="test_get_me_authenticated" time="0.429" /><testcase classname="backend.tests.test_iteration9_features.TestAuthMe" name="test_get_me_not_authenticated" time="0.109" /><testcase classname="backend.tests.test_iteration9_features.TestAuthLogout" name="test_logout_success" time="0.423" /><testcase classname="backend.tests.test_iteration9_features.TestAuthLogout" name="test_logout_without_session" time="0.105" /><testcase classname="backend.tests.test_iteration9_features.TestUserCreation" name="test_create_user_as_admin" time="0.340" /><testcase classname="backend.tests.test_iteration9_features.TestUserCreation" name="test_create_user_duplicate_email" time="0.052" /><testcase classname="backend.tests.test_iteration9_features.TestUserCreation" name="test_create_user_invalid_role" time="0.054" /><testcase classname="backend.tests.test_iteration9_features.TestUserCreation" name="test_create_user_without_auth" time="0.123" /><testcase classname="backend.tests.test_iteration9_features.TestPasswordChange" name="test_change_password_as_admin" time="0.958" /><testcase classname="backend.tests.test_iteration9_features.TestPasswordChange" name="test_change_password_too_short" time="0.419" /><testcase classname="backend.tests.test_iteration9_features.TestPasswordChange" name="test_change_password_nonexistent_user" time="0.275" /><testcase classname="backend.tests.test_iteration9_features.TestKeywordSearch" name="test_search_basic_query" time="0.180" /><testcase classname="backend.tests.test_iteration9_features.TestKeywordSearch" name="test_search_empty_query" time="0.078" /><testcase classname="backend.tests.test_iteration9_features.TestKeywordSearch" name="test_search_short_query" time="0.052" /><testcase classname="backend.tests.test_iteration9_features.TestKeywordSearch" name="test_search_with_category_filter" time="0.055" /><testcase classname="backend.tests.test_iteration9_features.TestKeywordSearch" name="test_search_requires_auth" time="0.114" /><testcase classname="backend.tests.test_iteration9_features.TestQuickSearch" name="test_quick_search_basic" time="0.159" /><testcase classname="backend.tests.test_iteration9_features.TestQuickSearch" name="test_quick_search_short_query" time="0.055" /><testcase classname="backend.tests.test_iteration9_features.TestQuickSearch" name="test_quick_search_limit" time="0.055" /><testcase classname="backend.tests.test_iteration9_features.TestQuickSearch" name="test_quick_search_requires_auth" time="0.125" /><testcase classname="backend.tests.test_iteration9_features.TestUserManagementByAdmin" name="test_get_all_users_as_admin" time="0.055" /><testcase classname="backend.tests.test_iteration9_features.TestUserManagementByAdmin" name="test_create_and_login_new_user" time="0.670" /><testcase classname="backend.tests.test_iteration9_features.TestEndToEndSearchWorkflow" name="test_create_article_then_search" time="0.227" /></testsuite></testsuites>