<?xml version="1.0" encoding="utf-8"?><testsuites name="pytest tests"><testsuite name="pytest" errors="0" failures="0" skipped="0" tests="24" time="11.203" timestamp="2026-02-20T11:26:13.110322+00:00" hostname="agent-env-c4bc2e6c-dd1c-44d0-8a12-43e40f4883e0"><testcase classname="backend.tests.test_canusa_api.TestAPIHealth" name="test_api_root" time="0.251" /><testcase classname="backend.tests.test_canusa_api.TestAuthentication" name="test_auth_me_with_admin_token" time="0.158" /><testcase classname="backend.tests.test_canusa_api.TestAuthentication" name="test_auth_me_with_editor_token" time="0.114" /><testcase classname="backend.tests.test_canusa_api.TestAuthentication" name="test_auth_me_with_viewer_token" time="0.161" /><testcase classname="backend.tests.test_canusa_api.TestAuthentication" name="test_auth_without_token" time="0.101" /><testcase classname="backend.tests.test_canusa_api.TestArticleCRUD" name="test_get_articles" time="0.107" /><testcase classname="backend.tests.test_canusa_api.TestArticleCRUD" name="test_create_article_as_editor" time="0.162" /><testcase classname="backend.tests.test_canusa_api.TestArticleCRUD" name="test_create_article_as_viewer" time="0.094" /><testcase classname="backend.tests.test_canusa_api.TestArticleCRUD" name="test_get_single_article" time="0.177" /><testcase classname="backend.tests.test_canusa_api.TestArticleCRUD" name="test_update_article" time="0.164" /><testcase classname="backend.tests.test_canusa_api.TestArticleCRUD" name="test_delete_article" time="0.629" /><testcase classname="backend.tests.test_canusa_api.TestGenerateSummaryAPI" name="test_generate_summary_with_content" time="1.654" /><testcase classname="backend.tests.test_canusa_api.TestGenerateSummaryAPI" name="test_generate_summary_with_short_content" time="0.098" /><testcase classname="backend.tests.test_canusa_api.TestCategoriesAPI" name="test_get_categories" time="0.104" /><testcase classname="backend.tests.test_canusa_api.TestCategoriesAPI" name="test_create_category" time="0.123" /><testcase classname="backend.tests.test_canusa_api.TestCategoriesAPI" name="test_create_hierarchical_category" time="0.151" /><testcase classname="backend.tests.test_canusa_api.TestSearchAPI" name="test_search" time="4.551" /><testcase classname="backend.tests.test_canusa_api.TestUserManagementAPI" name="test_get_users_as_admin" time="0.132" /><testcase classname="backend.tests.test_canusa_api.TestUserManagementAPI" name="test_get_users_as_viewer" time="0.094" /><testcase classname="backend.tests.test_canusa_api.TestUserManagementAPI" name="test_update_role_as_admin" time="0.097" /><testcase classname="backend.tests.test_canusa_api.TestUserManagementAPI" name="test_update_role_as_viewer" time="0.099" /><testcase classname="backend.tests.test_canusa_api.TestStatsAPI" name="test_get_stats" time="0.110" /><testcase classname="backend.tests.test_canusa_api.TestFavoritesAPI" name="test_toggle_favorite" time="0.211" /><testcase classname="backend.tests.test_canusa_api.TestFavoritesAPI" name="test_get_favorites" time="1.600" /></testsuite></testsuites>