<?xml version="1.0" encoding="utf-8"?><testsuites name="pytest tests"><testsuite name="pytest" errors="0" failures="0" skipped="0" tests="12" time="4.121" timestamp="2026-02-20T16:02:20.671304+00:00" hostname="agent-env-64c89911-e7ed-4824-a484-7d75ef43301f"><testcase classname="tests.test_iteration8_features.TestImageUpload" name="test_image_upload_png" time="0.613" /><testcase classname="tests.test_iteration8_features.TestImageUpload" name="test_image_upload_jpeg" time="0.203" /><testcase classname="tests.test_iteration8_features.TestImageUpload" name="test_image_upload_invalid_type" time="0.111" /><testcase classname="tests.test_iteration8_features.TestImageUpload" name="test_image_upload_requires_auth" time="0.130" /><testcase classname="tests.test_iteration8_features.TestImageRetrieval" name="test_get_uploaded_image" time="0.293" /><testcase classname="tests.test_iteration8_features.TestImageRetrieval" name="test_get_nonexistent_image" time="0.115" /><testcase classname="tests.test_iteration8_features.TestImageRetrieval" name="test_get_image_no_auth_required" time="0.304" /><testcase classname="tests.test_iteration8_features.TestSessionExtension" name="test_extend_session_true" time="0.248" /><testcase classname="tests.test_iteration8_features.TestSessionExtension" name="test_extend_session_false" time="0.187" /><testcase classname="tests.test_iteration8_features.TestSessionExtension" name="test_extend_session_requires_auth" time="0.133" /><testcase classname="tests.test_iteration8_features.TestSessionExtension" name="test_extend_session_invalid_body" time="0.139" /><testcase classname="tests.test_iteration8_features.TestEditorImageIntegration" name="test_full_image_workflow" time="1.608" /></testsuite></testsuites>